<?xml version="1.0" encoding="UTF-8"?>
<!-- Generated by org.testng.reporters.JUnitXMLReporter -->
<testsuite ignored="0" hostname="ulquria" failures="0" tests="4" name="Default test" time="10.725" errors="0" timestamp="2025-10-26T17:22:34 IST">
  <testcase classname="api.test.UserTests2" name="testPostUser" time="3.885"/>
  <testcase classname="api.test.UserTests2" name="testGetUserByName" time="1.455"/>
  <testcase classname="api.test.UserTests2" name="testUpdateUserByName" time="2.863"/>
  <testcase classname="api.test.UserTests2" name="testDeleteUserByName" time="1.382"/>
</testsuite> <!-- Default test -->
