<?xml version="1.0" encoding="UTF-8"?>
<!-- Generated by org.testng.reporters.JUnitXMLReporter -->
<testsuite ignored="0" hostname="ulquria" failures="0" tests="4" name="Default test" time="13.044" errors="0" timestamp="2025-10-25T14:02:50 IST">
  <testcase classname="api.test.UserTests2" name="testPostUser" time="4.877"/>
  <testcase classname="api.test.UserTests2" name="testGetUserByName" time="1.727"/>
  <testcase classname="api.test.UserTests2" name="testUpdateUserByName" time="3.257"/>
  <testcase classname="api.test.UserTests2" name="testDeleteUserByName" time="1.629"/>
</testsuite> <!-- Default test -->
