<?xml version="1.0" encoding="UTF-8"?>
<testng-results ignored="0" total="4" passed="4" failed="0" skipped="0">
  <reporter-output>
  </reporter-output>
  <suite started-at="2025-10-25T14:02:37 IST" name="Default suite" finished-at="2025-10-25T14:02:50 IST" duration-ms="13044">
    <groups>
    </groups>
    <test started-at="2025-10-25T14:02:37 IST" name="Default test" finished-at="2025-10-25T14:02:50 IST" duration-ms="13044">
      <class name="api.test.UserTests2">
        <test-method is-config="true" signature="setupData()[pri:0, instance:api.test.UserTests2@229f66ed]" started-at="2025-10-25T14:02:37 IST" name="setupData" finished-at="2025-10-25T14:02:39 IST" duration-ms="1437" status="PASS">
          <reporter-output>
          </reporter-output>
        </test-method> <!-- setupData -->
        <test-method signature="testPostUser()[pri:1, instance:api.test.UserTests2@229f66ed]" started-at="2025-10-25T14:02:39 IST" name="testPostUser" finished-at="2025-10-25T14:02:44 IST" duration-ms="4877" status="PASS">
          <reporter-output>
          </reporter-output>
        </test-method> <!-- testPostUser -->
        <test-method signature="testGetUserByName()[pri:2, instance:api.test.UserTests2@229f66ed]" started-at="2025-10-25T14:02:44 IST" name="testGetUserByName" finished-at="2025-10-25T14:02:46 IST" duration-ms="1727" status="PASS">
          <reporter-output>
          </reporter-output>
        </test-method> <!-- testGetUserByName -->
        <test-method signature="testUpdateUserByName()[pri:3, instance:api.test.UserTests2@229f66ed]" started-at="2025-10-25T14:02:46 IST" name="testUpdateUserByName" finished-at="2025-10-25T14:02:49 IST" duration-ms="3257" status="PASS">
          <reporter-output>
          </reporter-output>
        </test-method> <!-- testUpdateUserByName -->
        <test-method signature="testDeleteUserByName()[pri:4, instance:api.test.UserTests2@229f66ed]" started-at="2025-10-25T14:02:49 IST" name="testDeleteUserByName" finished-at="2025-10-25T14:02:50 IST" duration-ms="1629" status="PASS">
          <reporter-output>
          </reporter-output>
        </test-method> <!-- testDeleteUserByName -->
      </class> <!-- api.test.UserTests2 -->
    </test> <!-- Default test -->
  </suite> <!-- Default suite -->
</testng-results>
