<?xml version="1.0" encoding="UTF-8"?>
<testng-results ignored="0" total="4" passed="4" failed="0" skipped="0">
  <reporter-output>
  </reporter-output>
  <suite started-at="2025-10-26T17:22:24 IST" name="Default suite" finished-at="2025-10-26T17:22:34 IST" duration-ms="10725">
    <groups>
    </groups>
    <test started-at="2025-10-26T17:22:24 IST" name="Default test" finished-at="2025-10-26T17:22:34 IST" duration-ms="10725">
      <class name="api.test.UserTests2">
        <test-method is-config="true" signature="setupData()[pri:0, instance:api.test.UserTests2@229f66ed]" started-at="2025-10-26T17:22:24 IST" name="setupData" finished-at="2025-10-26T17:22:25 IST" duration-ms="1061" status="PASS">
          <reporter-output>
          </reporter-output>
        </test-method> <!-- setupData -->
        <test-method signature="testPostUser()[pri:1, instance:api.test.UserTests2@229f66ed]" started-at="2025-10-26T17:22:25 IST" name="testPostUser" finished-at="2025-10-26T17:22:29 IST" duration-ms="3885" status="PASS">
          <reporter-output>
          </reporter-output>
        </test-method> <!-- testPostUser -->
        <test-method signature="testGetUserByName()[pri:2, instance:api.test.UserTests2@229f66ed]" started-at="2025-10-26T17:22:29 IST" name="testGetUserByName" finished-at="2025-10-26T17:22:30 IST" duration-ms="1455" status="PASS">
          <reporter-output>
          </reporter-output>
        </test-method> <!-- testGetUserByName -->
        <test-method signature="testUpdateUserByName()[pri:3, instance:api.test.UserTests2@229f66ed]" started-at="2025-10-26T17:22:30 IST" name="testUpdateUserByName" finished-at="2025-10-26T17:22:33 IST" duration-ms="2863" status="PASS">
          <reporter-output>
          </reporter-output>
        </test-method> <!-- testUpdateUserByName -->
        <test-method signature="testDeleteUserByName()[pri:4, instance:api.test.UserTests2@229f66ed]" started-at="2025-10-26T17:22:33 IST" name="testDeleteUserByName" finished-at="2025-10-26T17:22:34 IST" duration-ms="1382" status="PASS">
          <reporter-output>
          </reporter-output>
        </test-method> <!-- testDeleteUserByName -->
      </class> <!-- api.test.UserTests2 -->
    </test> <!-- Default test -->
  </suite> <!-- Default suite -->
</testng-results>
