<?xml version="1.0" encoding="UTF-8"?>
<!-- Generated by org.testng.reporters.JUnitXMLReporter -->
<testsuite ignored="0" hostname="ulquria" failures="1" tests="4" name="PetTests" time="11.294" errors="0" timestamp="2025-10-25T13:57:07 IST">
  <testcase classname="api.test.UserTests2" name="testPostUser" time="4.409"/>
  <testcase classname="api.test.UserTests2" name="testGetUserByName" time="1.583"/>
  <testcase classname="api.test.UserTests2" name="testUpdateUserByName" time="3.238"/>
  <testcase classname="api.test.UserTests2" name="testDeleteUserByName" time="0.002">
    <failure type="java.util.MissingResourceException" message="Can&amp;apos;t find resource for bundle java.util.PropertyResourceBundle, key Delete_url">
      <![CDATA[java.util.MissingResourceException: Can't find resource for bundle java.util.PropertyResourceBundle, key Delete_url
at java.base/java.util.ResourceBundle.getObject(ResourceBundle.java:567)
at java.base/java.util.ResourceBundle.getString(ResourceBundle.java:523)
at api.endpoints.UserEndPoints2.deleteUser(UserEndPoints2.java:61)
at api.test.UserTests2.testDeleteUserByName(UserTests2.java:103)
at java.base/java.util.ArrayList.forEach(ArrayList.java:1596)
... Removed 25 stack frames]]>
    </failure>
  </testcase> <!-- testDeleteUserByName -->
</testsuite> <!-- PetTests -->
